# JRE version: OpenJDK Runtime Environment (21.0.10) (build 21.0.10+-14961533-b1163.108)
# Java VM: OpenJDK 64-Bit Server VM (21.0.10+-14961533-b1163.108, mixed mode, tiered, compressed oops, compressed class ptrs, g1 gc, windows-amd64)
GC Precious Log:
 CardTable entry size: 512
 Card Set container configuration: InlinePtr #cards 5 size 8 Array Of Cards #cards 12 size 40 Howl #buckets 4 coarsen threshold 1843 Howl Bitmap #cards 512 size 80 coarsen threshold 460 Card regions per heap region 1 cards per card region 2048
 CPUs: 8 total, 8 available
 Memory: 16131M
 Large Page Support: Disabled
 NUMA Support: Disabled
 Compressed Oops: Enabled (32-bit)
 Heap Region Size: 1M
 Heap Min Capacity: 8M
 Heap Initial Capacity: 254M
 Heap Max Capacity: 1536M
 Pre-touch: Disabled
 Parallel Workers: 8
 Concurrent Workers: 2
 Concurrent Refinement Workers: 8
 Periodic GC: Disabled
Heap:
 garbage-first heap   total 102400K, used 53627K [0x00000000a0000000, 0x0000000100000000)
  region size 1024K, 18 young (18432K), 4 survivors (4096K)
 Metaspace       used 60023K, committed 61632K, reserved 1114112K
  class space    used 8594K, committed 9344K, reserved 1048576K
GC Heap History (20 events):
Event: 2.425 GC heap before
{Heap before GC invocations=1 (full 0):
 garbage-first heap   total 260096K, used 38297K [0x00000000a0000000, 0x0000000100000000)
  region size 1024K, 30 young (30720K), 3 survivors (3072K)
 Metaspace       used 12853K, committed 13056K, reserved 1114112K
  class space    used 1412K, committed 1472K, reserved 1048576K
}
Event: 2.430 GC heap after
{Heap after GC invocations=2 (full 0):
 garbage-first heap   total 260096K, used 12462K [0x00000000a0000000, 0x0000000100000000)
  region size 1024K, 2 young (2048K), 2 survivors (2048K)
 Metaspace       used 12853K, committed 13056K, reserved 1114112K
  class space    used 1412K, committed 1472K, reserved 1048576K
}
Event: 4.317 GC heap before
{Heap before GC invocations=2 (full 0):
 garbage-first heap   total 260096K, used 68782K [0x00000000a0000000, 0x0000000100000000)
  region size 1024K, 57 young (58368K), 2 survivors (2048K)
 Metaspace       used 21180K, committed 21504K, reserved 1114112K
  class space    used 2482K, committed 2688K, reserved 1048576K
}
Event: 4.328 GC heap after
{Heap after GC invocations=3 (full 0):
 garbage-first heap   total 260096K, used 20990K [0x00000000a0000000, 0x0000000100000000)
  region size 1024K, 9 young (9216K), 9 survivors (9216K)
 Metaspace       used 21180K, committed 21504K, reserved 1114112K
  class space    used 2482K, committed 2688K, reserved 1048576K
}
Event: 5.955 GC heap before
{Heap before GC invocations=4 (full 0):
 garbage-first heap   total 71680K, used 71166K [0x00000000a0000000, 0x0000000100000000)
  region size 1024K, 58 young (59392K), 9 survivors (9216K)
 Metaspace       used 28704K, committed 29248K, reserved 1114112K
  class space    used 3644K, committed 3904K, reserved 1048576K
}
Event: 5.970 GC heap after
{Heap after GC invocations=5 (full 0):
 garbage-first heap   total 83968K, used 24172K [0x00000000a0000000, 0x0000000100000000)
  region size 1024K, 12 young (12288K), 12 survivors (12288K)
 Metaspace       used 28704K, committed 29248K, reserved 1114112K
  class space    used 3644K, committed 3904K, reserved 1048576K
}
Event: 7.227 GC heap before
{Heap before GC invocations=5 (full 0):
 garbage-first heap   total 83968K, used 63084K [0x00000000a0000000, 0x0000000100000000)
  region size 1024K, 49 young (50176K), 12 survivors (12288K)
 Metaspace       used 34061K, committed 34752K, reserved 1114112K
  class space    used 4408K, committed 4736K, reserved 1048576K
}
Event: 7.241 GC heap after
{Heap after GC invocations=6 (full 0):
 garbage-first heap   total 83968K, used 25594K [0x00000000a0000000, 0x0000000100000000)
  region size 1024K, 6 young (6144K), 6 survivors (6144K)
 Metaspace       used 34061K, committed 34752K, reserved 1114112K
  class space    used 4408K, committed 4736K, reserved 1048576K
}
Event: 7.653 GC heap before
{Heap before GC invocations=6 (full 0):
 garbage-first heap   total 83968K, used 34810K [0x00000000a0000000, 0x0000000100000000)
  region size 1024K, 16 young (16384K), 6 survivors (6144K)
 Metaspace       used 35388K, committed 36096K, reserved 1114112K
  class space    used 4608K, committed 4928K, reserved 1048576K
}
Event: 7.662 GC heap after
{Heap after GC invocations=7 (full 0):
 garbage-first heap   total 83968K, used 26605K [0x00000000a0000000, 0x0000000100000000)
  region size 1024K, 4 young (4096K), 4 survivors (4096K)
 Metaspace       used 35388K, committed 36096K, reserved 1114112K
  class space    used 4608K, committed 4928K, reserved 1048576K
}
Event: 9.168 GC heap before
{Heap before GC invocations=8 (full 0):
 garbage-first heap   total 83968K, used 70637K [0x00000000a0000000, 0x0000000100000000)
  region size 1024K, 47 young (48128K), 4 survivors (4096K)
 Metaspace       used 41052K, committed 42048K, reserved 1114112K
  class space    used 5593K, committed 6080K, reserved 1048576K
}
Event: 9.176 GC heap after
{Heap after GC invocations=9 (full 0):
 garbage-first heap   total 83968K, used 28983K [0x00000000a0000000, 0x0000000100000000)
  region size 1024K, 6 young (6144K), 6 survivors (6144K)
 Metaspace       used 41052K, committed 42048K, reserved 1114112K
  class space    used 5593K, committed 6080K, reserved 1048576K
}
Event: 10.402 GC heap before
{Heap before GC invocations=9 (full 0):
 garbage-first heap   total 83968K, used 70967K [0x00000000a0000000, 0x0000000100000000)
  region size 1024K, 48 young (49152K), 6 survivors (6144K)
 Metaspace       used 47580K, committed 48896K, reserved 1114112K
  class space    used 6484K, committed 7104K, reserved 1048576K
}
Event: 10.418 GC heap after
{Heap after GC invocations=10 (full 0):
 garbage-first heap   total 83968K, used 31868K [0x00000000a0000000, 0x0000000100000000)
  region size 1024K, 6 young (6144K), 6 survivors (6144K)
 Metaspace       used 47580K, committed 48896K, reserved 1114112K
  class space    used 6484K, committed 7104K, reserved 1048576K
}
Event: 12.709 GC heap before
{Heap before GC invocations=10 (full 0):
 garbage-first heap   total 83968K, used 72828K [0x00000000a0000000, 0x0000000100000000)
  region size 1024K, 46 young (47104K), 6 survivors (6144K)
 Metaspace       used 51907K, committed 53312K, reserved 1114112K
  class space    used 7226K, committed 7872K, reserved 1048576K
}
Event: 12.722 GC heap after
{Heap after GC invocations=11 (full 0):
 garbage-first heap   total 102400K, used 36364K [0x00000000a0000000, 0x0000000100000000)
  region size 1024K, 5 young (5120K), 5 survivors (5120K)
 Metaspace       used 51907K, committed 53312K, reserved 1114112K
  class space    used 7226K, committed 7872K, reserved 1048576K
}
Event: 14.399 GC heap before
{Heap before GC invocations=11 (full 0):
 garbage-first heap   total 102400K, used 85516K [0x00000000a0000000, 0x0000000100000000)
  region size 1024K, 53 young (54272K), 5 survivors (5120K)
 Metaspace       used 57806K, committed 59392K, reserved 1114112K
  class space    used 8207K, committed 9024K, reserved 1048576K
}
Event: 14.408 GC heap after
{Heap after GC invocations=12 (full 0):
 garbage-first heap   total 102400K, used 39255K [0x00000000a0000000, 0x0000000100000000)
  region size 1024K, 3 young (3072K), 3 survivors (3072K)
 Metaspace       used 57806K, committed 59392K, reserved 1114112K
  class space    used 8207K, committed 9024K, reserved 1048576K
}
Event: 14.798 GC heap before
{Heap before GC invocations=12 (full 0):
 garbage-first heap   total 102400K, used 49495K [0x00000000a0000000, 0x0000000100000000)
  region size 1024K, 14 young (14336K), 3 survivors (3072K)
 Metaspace       used 58748K, committed 60416K, reserved 1114112K
  class space    used 8382K, committed 9216K, reserved 1048576K
}
Event: 14.804 GC heap after
{Heap after GC invocations=13 (full 0):
 garbage-first heap   total 102400K, used 40315K [0x00000000a0000000, 0x0000000100000000)
  region size 1024K, 4 young (4096K), 4 survivors (4096K)
 Metaspace       used 58748K, committed 60416K, reserved 1114112K
  class space    used 8382K, committed 9216K, reserved 1048576K
}

