# JRE version: OpenJDK Runtime Environment (21.0.10) (build 21.0.10+-14961533-b1163.108)
# Java VM: OpenJDK 64-Bit Server VM (21.0.10+-14961533-b1163.108, mixed mode, tiered, compressed oops, compressed class ptrs, g1 gc, windows-amd64)
GC Precious Log:
 CardTable entry size: 512
 Card Set container configuration: InlinePtr #cards 5 size 8 Array Of Cards #cards 12 size 40 Howl #buckets 4 coarsen threshold 1843 Howl Bitmap #cards 512 size 80 coarsen threshold 460 Card regions per heap region 1 cards per card region 2048
 CPUs: 8 total, 8 available
 Memory: 16131M
 Large Page Support: Disabled
 NUMA Support: Disabled
 Compressed Oops: Enabled (32-bit)
 Heap Region Size: 1M
 Heap Min Capacity: 8M
 Heap Initial Capacity: 254M
 Heap Max Capacity: 1536M
 Pre-touch: Disabled
 Parallel Workers: 8
 Concurrent Workers: 2
 Concurrent Refinement Workers: 8
 Periodic GC: Disabled
Heap:
 garbage-first heap   total 122880K, used 90723K [0x00000000a0000000, 0x0000000100000000)
  region size 1024K, 17 young (17408K), 6 survivors (6144K)
 Metaspace       used 82276K, committed 84224K, reserved 1179648K
  class space    used 11581K, committed 12544K, reserved 1048576K
GC Heap History (20 events):
Event: 21.139 GC heap before
{Heap before GC invocations=14 (full 0):
 garbage-first heap   total 103424K, used 89674K [0x00000000a0000000, 0x0000000100000000)
  region size 1024K, 53 young (54272K), 4 survivors (4096K)
 Metaspace       used 62746K, committed 64448K, reserved 1114112K
  class space    used 8987K, committed 9792K, reserved 1048576K
}
Event: 21.153 GC heap after
{Heap after GC invocations=15 (full 0):
 garbage-first heap   total 103424K, used 45788K [0x00000000a0000000, 0x0000000100000000)
  region size 1024K, 7 young (7168K), 7 survivors (7168K)
 Metaspace       used 62746K, committed 64448K, reserved 1114112K
  class space    used 8987K, committed 9792K, reserved 1048576K
}
Event: 22.522 GC heap before
{Heap before GC invocations=15 (full 0):
 garbage-first heap   total 103424K, used 89820K [0x00000000a0000000, 0x0000000100000000)
  region size 1024K, 51 young (52224K), 7 survivors (7168K)
 Metaspace       used 63415K, committed 65088K, reserved 1114112K
  class space    used 9012K, committed 9856K, reserved 1048576K
}
Event: 22.540 GC heap after
{Heap after GC invocations=16 (full 0):
 garbage-first heap   total 103424K, used 47933K [0x00000000a0000000, 0x0000000100000000)
  region size 1024K, 3 young (3072K), 3 survivors (3072K)
 Metaspace       used 63415K, committed 65088K, reserved 1114112K
  class space    used 9012K, committed 9856K, reserved 1048576K
}
Event: 23.868 GC heap before
{Heap before GC invocations=16 (full 0):
 garbage-first heap   total 103424K, used 90941K [0x00000000a0000000, 0x0000000100000000)
  region size 1024K, 46 young (47104K), 3 survivors (3072K)
 Metaspace       used 63595K, committed 65344K, reserved 1114112K
  class space    used 9022K, committed 9856K, reserved 1048576K
}
Event: 23.875 GC heap after
{Heap after GC invocations=17 (full 0):
 garbage-first heap   total 103424K, used 49157K [0x00000000a0000000, 0x0000000100000000)
  region size 1024K, 4 young (4096K), 4 survivors (4096K)
 Metaspace       used 63595K, committed 65344K, reserved 1114112K
  class space    used 9022K, committed 9856K, reserved 1048576K
}
Event: 24.062 GC heap before
{Heap before GC invocations=17 (full 0):
 garbage-first heap   total 103424K, used 52229K [0x00000000a0000000, 0x0000000100000000)
  region size 1024K, 8 young (8192K), 4 survivors (4096K)
 Metaspace       used 63626K, committed 65344K, reserved 1114112K
  class space    used 9027K, committed 9856K, reserved 1048576K
}
Event: 24.067 GC heap after
{Heap after GC invocations=18 (full 0):
 garbage-first heap   total 103424K, used 49254K [0x00000000a0000000, 0x0000000100000000)
  region size 1024K, 2 young (2048K), 2 survivors (2048K)
 Metaspace       used 63626K, committed 65344K, reserved 1114112K
  class space    used 9027K, committed 9856K, reserved 1048576K
}
Event: 26.040 GC heap before
{Heap before GC invocations=19 (full 0):
 garbage-first heap   total 103424K, used 101478K [0x00000000a0000000, 0x0000000100000000)
  region size 1024K, 45 young (46080K), 2 survivors (2048K)
 Metaspace       used 66121K, committed 67904K, reserved 1114112K
  class space    used 9374K, committed 10240K, reserved 1048576K
}
Event: 26.051 GC heap after
{Heap after GC invocations=20 (full 0):
 garbage-first heap   total 115712K, used 68223K [0x00000000a0000000, 0x0000000100000000)
  region size 1024K, 6 young (6144K), 6 survivors (6144K)
 Metaspace       used 66121K, committed 67904K, reserved 1114112K
  class space    used 9374K, committed 10240K, reserved 1048576K
}
Event: 26.986 GC heap before
{Heap before GC invocations=20 (full 0):
 garbage-first heap   total 115712K, used 104063K [0x00000000a0000000, 0x0000000100000000)
  region size 1024K, 41 young (41984K), 6 survivors (6144K)
 Metaspace       used 69039K, committed 70848K, reserved 1114112K
  class space    used 9692K, committed 10560K, reserved 1048576K
}
Event: 26.995 GC heap after
{Heap after GC invocations=21 (full 0):
 garbage-first heap   total 115712K, used 70002K [0x00000000a0000000, 0x0000000100000000)
  region size 1024K, 2 young (2048K), 2 survivors (2048K)
 Metaspace       used 69039K, committed 70848K, reserved 1114112K
  class space    used 9692K, committed 10560K, reserved 1048576K
}
Event: 27.994 GC heap before
{Heap before GC invocations=21 (full 0):
 garbage-first heap   total 115712K, used 100722K [0x00000000a0000000, 0x0000000100000000)
  region size 1024K, 33 young (33792K), 2 survivors (2048K)
 Metaspace       used 72138K, committed 73984K, reserved 1114112K
  class space    used 10175K, committed 11072K, reserved 1048576K
}
Event: 27.999 GC heap after
{Heap after GC invocations=22 (full 0):
 garbage-first heap   total 115712K, used 70696K [0x00000000a0000000, 0x0000000100000000)
  region size 1024K, 3 young (3072K), 3 survivors (3072K)
 Metaspace       used 72138K, committed 73984K, reserved 1114112K
  class space    used 10175K, committed 11072K, reserved 1048576K
}
Event: 28.907 GC heap before
{Heap before GC invocations=23 (full 0):
 garbage-first heap   total 122880K, used 108584K [0x00000000a0000000, 0x0000000100000000)
  region size 1024K, 38 young (38912K), 3 survivors (3072K)
 Metaspace       used 75614K, committed 77504K, reserved 1179648K
  class space    used 10665K, committed 11584K, reserved 1048576K
}
Event: 28.913 GC heap after
{Heap after GC invocations=24 (full 0):
 garbage-first heap   total 122880K, used 74033K [0x00000000a0000000, 0x0000000100000000)
  region size 1024K, 4 young (4096K), 4 survivors (4096K)
 Metaspace       used 75614K, committed 77504K, reserved 1179648K
  class space    used 10665K, committed 11584K, reserved 1048576K
}
Event: 30.486 GC heap before
{Heap before GC invocations=24 (full 0):
 garbage-first heap   total 122880K, used 112945K [0x00000000a0000000, 0x0000000100000000)
  region size 1024K, 42 young (43008K), 4 survivors (4096K)
 Metaspace       used 79597K, committed 81536K, reserved 1179648K
  class space    used 11229K, committed 12160K, reserved 1048576K
}
Event: 30.494 GC heap after
{Heap after GC invocations=25 (full 0):
 garbage-first heap   total 122880K, used 73843K [0x00000000a0000000, 0x0000000100000000)
  region size 1024K, 4 young (4096K), 4 survivors (4096K)
 Metaspace       used 79597K, committed 81536K, reserved 1179648K
  class space    used 11229K, committed 12160K, reserved 1048576K
}
Event: 33.276 GC heap before
{Heap before GC invocations=25 (full 0):
 garbage-first heap   total 122880K, used 103539K [0x00000000a0000000, 0x0000000100000000)
  region size 1024K, 34 young (34816K), 4 survivors (4096K)
 Metaspace       used 82276K, committed 84224K, reserved 1179648K
  class space    used 11581K, committed 12544K, reserved 1048576K
}
Event: 33.284 GC heap after
{Heap after GC invocations=26 (full 0):
 garbage-first heap   total 122880K, used 76387K [0x00000000a0000000, 0x0000000100000000)
  region size 1024K, 6 young (6144K), 6 survivors (6144K)
 Metaspace       used 82276K, committed 84224K, reserved 1179648K
  class space    used 11581K, committed 12544K, reserved 1048576K
}

